Arguments: 
  /Users/ricardov/.nvm/versions/node/v14.16.0/bin/node /usr/local/Cellar/yarn/1.22.10/libexec/bin/yarn.js add axios

PATH: 
  /Users/ricardov/.nvm/versions/node/v14.16.0/bin:/usr/local/sbin:/Users/ricardov/.npm-packages/bin:/Users/ricardov/bin:/usr/local/bin:/usr/bin/python:/usr/local/bin:/usr/bin:/bin:/usr/sbin:/sbin:/Applications/VMware Fusion.app/Contents/Public:/usr/local/MacGPG2/bin:/usr/local/share/dotnet:~/.dotnet/tools:/Library/Apple/usr/bin:/Library/Frameworks/Mono.framework/Versions/Current/Commands:/Applications/Wireshark.app/Contents/MacOS:/Applications/Xamarin Workbooks.app/Contents/SharedSupport/path-bin:/Users/ricardov/.nvm/versions/node/v14.16.0/bin:/usr/local/sbin:/Users/ricardov/.npm-packages/bin:/Users/ricardov/bin:/usr/bin/python:/Users/ricardov/.composer/vendor/bin/:/Users/ricardov/.composer/vendor/bin/:/Users/ricardov/bin

Yarn version: 
  1.22.10

Node version: 
  14.16.0

Platform: 
  darwin x64

Trace: 
  Error: EEXIST: file already exists, mkdir '/Users/ricardov/Projects/_Vue/que-toca/node_modules/chalk/node_modules'

npm manifest: 
  {
    "name": "que-toca",
    "version": "1.0.0",
    "private": true,
    "scripts": {
      "dev": "vite --port 3333 --open",
      "build": "vite build",
      "preview": "vite preview",
      "preview-https": "serve dist"
    },
    "dependencies": {
      "@vueuse/core": "^4.11.2",
      "@vueuse/head": "^0.5.1",
      "nprogress": "^0.2.0",
      "prism-theme-vars": "^0.2.2",
      "vue": "^3.0.11",
      "vue-i18n": "^9.1.6",
      "vue-router": "^4.0.8"
    },
    "devDependencies": {
      "@antfu/eslint-config": "^0.6.5",
      "@iconify/json": "^1.1.351",
      "@intlify/vite-plugin-vue-i18n": "^2.1.2",
      "@types/nprogress": "^0.2.0",
      "@typescript-eslint/eslint-plugin": "^4.26.0",
      "@vitejs/plugin-vue": "^1.2.3",
      "@vue/compiler-sfc": "^3.0.11",
      "cross-env": "^7.0.3",
      "eslint": "^7.27.0",
      "https-localhost": "^4.6.5",
      "markdown-it-prism": "^2.1.6",
      "pnpm": "^6.6.2",
      "typescript": "^4.3.2",
      "vite": "^2.3.5",
      "vite-plugin-components": "^0.10.4",
      "vite-plugin-icons": "^0.6.0",
      "vite-plugin-md": "^0.6.7",
      "vite-plugin-pages": "^0.12.2",
      "vite-plugin-pwa": "^0.7.3",
      "vite-plugin-vue-layouts": "^0.3.1",
      "vite-plugin-windicss": "^0.16.7",
      "vue-tsc": "^0.1.7"
    }
  }

yarn manifest: 
  No manifest

Lockfile: 
  No lockfile
